[debug] [2018-04-03T15:30:46.679Z] ----------------------------------------------------------------------
[debug] [2018-04-03T15:30:46.682Z] Command:       C:\Program Files\nodejs\node.exe C:\Users\Tom\AppData\Roaming\npm\node_modules\firebase-tools\bin\firebase deploy
[debug] [2018-04-03T15:30:46.682Z] CLI Version:   3.17.4
[debug] [2018-04-03T15:30:46.682Z] Platform:      win32
[debug] [2018-04-03T15:30:46.682Z] Node Version:  v8.9.4
[debug] [2018-04-03T15:30:46.682Z] Time:          Tue Apr 03 2018 16:30:46 GMT+0100 (GMT Daylight Time)
[debug] [2018-04-03T15:30:46.682Z] ----------------------------------------------------------------------
[debug] 
[debug] [2018-04-03T15:30:46.694Z] > command requires scopes: ["email","openid","https://www.googleapis.com/auth/cloudplatformprojects.readonly","https://www.googleapis.com/auth/firebase","https://www.googleapis.com/auth/cloud-platform"]
[debug] [2018-04-03T15:30:46.694Z] > authorizing via signed-in user
[debug] [2018-04-03T15:30:46.695Z] > refreshing access token with scopes: ["email","https://www.googleapis.com/auth/cloud-platform","https://www.googleapis.com/auth/cloudplatformprojects.readonly","https://www.googleapis.com/auth/firebase","openid"]
[debug] [2018-04-03T15:30:46.696Z] >>> HTTP REQUEST POST https://www.googleapis.com/oauth2/v3/token  
 { refresh_token: '1/aVdZQV8l9bYChtudvtNNRqfStZnrd-uLZfKNOmPK-as',
  client_id: '563584335869-fgrhgmd47bqnekij5i8b5pr03ho849e6.apps.googleusercontent.com',
  client_secret: 'j9iVZfS8kkCEFUPaAeJV0sAi',
  grant_type: 'refresh_token',
  scope: 'email https://www.googleapis.com/auth/cloud-platform https://www.googleapis.com/auth/cloudplatformprojects.readonly https://www.googleapis.com/auth/firebase openid' } 
 Tue Apr 03 2018 16:30:46 GMT+0100 (GMT Daylight Time)
[debug] [2018-04-03T15:33:05.818Z] ----------------------------------------------------------------------
[debug] [2018-04-03T15:33:05.820Z] Command:       C:\Program Files\nodejs\node.exe C:\Users\Tom\AppData\Roaming\npm\node_modules\firebase-tools\bin\firebase deploy
[debug] [2018-04-03T15:33:05.821Z] CLI Version:   3.17.4
[debug] [2018-04-03T15:33:05.821Z] Platform:      win32
[debug] [2018-04-03T15:33:05.821Z] Node Version:  v8.9.4
[debug] [2018-04-03T15:33:05.821Z] Time:          Tue Apr 03 2018 16:33:05 GMT+0100 (GMT Daylight Time)
[debug] [2018-04-03T15:33:05.821Z] ----------------------------------------------------------------------
[debug] 
[debug] [2018-04-03T15:33:05.834Z] > command requires scopes: ["email","openid","https://www.googleapis.com/auth/cloudplatformprojects.readonly","https://www.googleapis.com/auth/firebase","https://www.googleapis.com/auth/cloud-platform"]
[debug] [2018-04-03T15:33:05.835Z] > authorizing via signed-in user
[debug] [2018-04-03T15:33:05.837Z] > refreshing access token with scopes: ["email","https://www.googleapis.com/auth/cloud-platform","https://www.googleapis.com/auth/cloudplatformprojects.readonly","https://www.googleapis.com/auth/firebase","openid"]
[debug] [2018-04-03T15:33:05.837Z] >>> HTTP REQUEST POST https://www.googleapis.com/oauth2/v3/token  
 { refresh_token: '1/aVdZQV8l9bYChtudvtNNRqfStZnrd-uLZfKNOmPK-as',
  client_id: '563584335869-fgrhgmd47bqnekij5i8b5pr03ho849e6.apps.googleusercontent.com',
  client_secret: 'j9iVZfS8kkCEFUPaAeJV0sAi',
  grant_type: 'refresh_token',
  scope: 'email https://www.googleapis.com/auth/cloud-platform https://www.googleapis.com/auth/cloudplatformprojects.readonly https://www.googleapis.com/auth/firebase openid' } 
 Tue Apr 03 2018 16:33:05 GMT+0100 (GMT Daylight Time)
[debug] [2018-04-03T15:33:06.008Z] <<< HTTP RESPONSE 200
[debug] [2018-04-03T15:33:06.015Z] >>> HTTP REQUEST GET https://admin.firebase.com/v1/projects/whos-in-firebase  
  
 Tue Apr 03 2018 16:33:06 GMT+0100 (GMT Daylight Time)
[debug] [2018-04-03T15:33:06.724Z] <<< HTTP RESPONSE 200
[debug] [2018-04-03T15:33:06.724Z] >>> HTTP REQUEST GET https://admin.firebase.com/v1/database/whos-in-firebase/tokens  
  
 Tue Apr 03 2018 16:33:06 GMT+0100 (GMT Daylight Time)
[debug] [2018-04-03T15:33:07.356Z] <<< HTTP RESPONSE 200
[info] 
[info] === Deploying to 'whos-in-firebase'...
[info] 
[info] i  deploying database, storage, firestore, functions, hosting
[info] i  database: checking rules syntax...
[debug] [2018-04-03T15:33:08.020Z] >>> HTTP REQUEST PUT https://whos-in-firebase.firebaseio.com/.settings/rules.json?dryRun=true  
 {
  "rules": {
    ".read": "auth != null",
    ".write": "auth != null"
  }
}
 
 Tue Apr 03 2018 16:33:08 GMT+0100 (GMT Daylight Time)
[debug] [2018-04-03T15:33:08.542Z] <<< HTTP RESPONSE 200
[info] +  database: rules syntax for database whos-in-firebase is valid
[debug] [2018-04-03T15:33:08.544Z] >>> HTTP REQUEST GET https://appengine.googleapis.com/v1/apps/whos-in-firebase  
  
 Tue Apr 03 2018 16:33:08 GMT+0100 (GMT Daylight Time)
[debug] [2018-04-03T15:33:09.675Z] <<< HTTP RESPONSE 200
[info] i  storage: checking storage.rules for compilation errors...
[debug] [2018-04-03T15:33:09.677Z] >>> HTTP REQUEST POST https://firebaserules.googleapis.com/v1/projects/whos-in-firebase:test  
 { source: { files: [ [Object] ] } } 
 Tue Apr 03 2018 16:33:09 GMT+0100 (GMT Daylight Time)
[debug] [2018-04-03T15:33:10.496Z] <<< HTTP RESPONSE 200
[info] +  storage: rules file storage.rules compiled successfully
[info] i  firestore: checking firestore.rules for compilation errors...
[debug] [2018-04-03T15:33:10.501Z] >>> HTTP REQUEST POST https://firebaserules.googleapis.com/v1/projects/whos-in-firebase:test  
 { source: { files: [ [Object] ] } } 
 Tue Apr 03 2018 16:33:10 GMT+0100 (GMT Daylight Time)
[debug] [2018-04-03T15:33:11.278Z] <<< HTTP RESPONSE 200
[info] +  firestore: rules file firestore.rules compiled successfully
[debug] [2018-04-03T15:33:11.281Z] > [functions] package.json contents: {
  "name": "functions",
  "description": "Cloud Functions for Firebase",
  "scripts": {
    "serve": "firebase serve --only functions",
    "shell": "firebase experimental:functions:shell",
    "start": "npm run shell",
    "deploy": "firebase deploy --only functions",
    "logs": "firebase functions:log"
  },
  "dependencies": {
    "algoliasearch": "^3.24.12",
    "firebase-admin": "~5.8.1",
    "firebase-functions": "^0.8.1",
    "mailgun-js": "^0.16.0",
    "node-fetch": "^2.1.2"
  },
  "private": true
}
[info] i  functions: ensuring necessary APIs are enabled...
[debug] [2018-04-03T15:33:11.282Z] >>> HTTP REQUEST GET https://servicemanagement.googleapis.com/v1/services/cloudfunctions.googleapis.com/projectSettings/whos-in-firebase?view=CONSUMER_VIEW  
  
 Tue Apr 03 2018 16:33:11 GMT+0100 (GMT Daylight Time)
[debug] [2018-04-03T15:33:11.282Z] >>> HTTP REQUEST GET https://servicemanagement.googleapis.com/v1/services/runtimeconfig.googleapis.com/projectSettings/whos-in-firebase?view=CONSUMER_VIEW  
  
 Tue Apr 03 2018 16:33:11 GMT+0100 (GMT Daylight Time)
[debug] [2018-04-03T15:33:12.410Z] <<< HTTP RESPONSE 200
[debug] [2018-04-03T15:33:12.476Z] <<< HTTP RESPONSE 200
[info] +  functions: all necessary APIs are enabled
[debug] [2018-04-03T15:33:12.478Z] >>> HTTP REQUEST GET https://appengine.googleapis.com/v1/apps/whos-in-firebase  
  
 Tue Apr 03 2018 16:33:12 GMT+0100 (GMT Daylight Time)
[debug] [2018-04-03T15:33:12.479Z] >>> HTTP REQUEST GET https://apikeys.googleapis.com/v1/projects/whos-in-firebase/apiKeys  
  
 Tue Apr 03 2018 16:33:12 GMT+0100 (GMT Daylight Time)
[debug] [2018-04-03T15:33:13.196Z] <<< HTTP RESPONSE 200
[debug] [2018-04-03T15:33:13.319Z] <<< HTTP RESPONSE 200
[info] i  storage: uploading rules storage.rules...
[debug] [2018-04-03T15:33:13.323Z] >>> HTTP REQUEST POST https://firebaserules.googleapis.com/v1/projects/whos-in-firebase/rulesets  
 { source: { files: [ [Object] ] } } 
 Tue Apr 03 2018 16:33:13 GMT+0100 (GMT Daylight Time)
[debug] [2018-04-03T15:33:14.269Z] <<< HTTP RESPONSE 200
[debug] [2018-04-03T15:33:14.269Z] [rules] created ruleset projects/whos-in-firebase/rulesets/3a67991f-66f3-404b-a403-ec1585a23565
[info] i  firestore: uploading rules firestore.rules...
[debug] [2018-04-03T15:33:14.271Z] >>> HTTP REQUEST POST https://firebaserules.googleapis.com/v1/projects/whos-in-firebase/rulesets  
 { source: { files: [ [Object] ] } } 
 Tue Apr 03 2018 16:33:14 GMT+0100 (GMT Daylight Time)
[debug] [2018-04-03T15:33:14.272Z] >>> HTTP REQUEST GET https://firestore.googleapis.com/v1beta1/projects/whos-in-firebase/databases/(default)/indexes  
  
 Tue Apr 03 2018 16:33:14 GMT+0100 (GMT Daylight Time)
[debug] [2018-04-03T15:33:14.636Z] <<< HTTP RESPONSE 200
[info] 
[info] NOTE: The following indexes are already deployed but not present in the specified indexes file:
[info] [READY] (Engagement) -- (User,ASCENDING) (created,DESCENDING) 
[info] [READY] (ProjectReviews) -- (Charity,ASCENDING) (created,DESCENDING) 
[info] [READY] (UserReview) -- (User,ASCENDING) (created,DESCENDING) 
[info] [READY] (Project) -- (Approved,ASCENDING) (`Start Time`,ASCENDING) 
[info] 
[debug] [2018-04-03T15:33:15.206Z] <<< HTTP RESPONSE 200
[debug] [2018-04-03T15:33:15.206Z] [rules] created ruleset projects/whos-in-firebase/rulesets/0a017522-80b1-4534-812c-fa4d3983a961
[info] i  functions: preparing functions directory for uploading...
[debug] [2018-04-03T15:33:15.208Z] >>> HTTP REQUEST GET https://runtimeconfig.googleapis.com/v1beta1/projects/whos-in-firebase/configs  
  
 Tue Apr 03 2018 16:33:15 GMT+0100 (GMT Daylight Time)
[debug] [2018-04-03T15:33:15.519Z] <<< HTTP RESPONSE 200
[debug] [2018-04-03T15:33:15.519Z] >>> HTTP REQUEST GET https://runtimeconfig.googleapis.com/v1beta1/projects/whos-in-firebase/configs/algolia/variables  
  
 Tue Apr 03 2018 16:33:15 GMT+0100 (GMT Daylight Time)
[debug] [2018-04-03T15:33:15.831Z] <<< HTTP RESPONSE 200
[debug] [2018-04-03T15:33:15.832Z] >>> HTTP REQUEST GET https://runtimeconfig.googleapis.com/v1beta1/projects/whos-in-firebase/configs/algolia/variables/app_id  
  
 Tue Apr 03 2018 16:33:15 GMT+0100 (GMT Daylight Time)
[debug] [2018-04-03T15:33:15.832Z] >>> HTTP REQUEST GET https://runtimeconfig.googleapis.com/v1beta1/projects/whos-in-firebase/configs/algolia/variables/search_key  
  
 Tue Apr 03 2018 16:33:15 GMT+0100 (GMT Daylight Time)
[debug] [2018-04-03T15:33:15.832Z] >>> HTTP REQUEST GET https://runtimeconfig.googleapis.com/v1beta1/projects/whos-in-firebase/configs/algolia/variables/api_key  
  
 Tue Apr 03 2018 16:33:15 GMT+0100 (GMT Daylight Time)
[debug] [2018-04-03T15:33:16.060Z] <<< HTTP RESPONSE 200
[debug] [2018-04-03T15:33:16.061Z] <<< HTTP RESPONSE 200
[debug] [2018-04-03T15:33:16.096Z] <<< HTTP RESPONSE 200
[info] i  functions: packaged functions (39.05 KB) for uploading
[debug] [2018-04-03T15:33:18.243Z] >>> HTTP REQUEST GET https://www.googleapis.com/storage/v1/b/staging.whos-in-firebase.appspot.com  
  
 Tue Apr 03 2018 16:33:18 GMT+0100 (GMT Daylight Time)
[debug] [2018-04-03T15:33:18.487Z] <<< HTTP RESPONSE 200
[debug] [2018-04-03T15:33:18.488Z] >>> HTTP REQUEST POST https://www.googleapis.com/upload/storage/v1/b/staging.whos-in-firebase.appspot.com/o?uploadType=media&name=firebase-functions-source  
 ReadStream {
  _readableState: 
   ReadableState {
     objectMode: false,
     highWaterMark: 65536,
     buffer: BufferList { head: [Object], tail: [Object], length: 1 },
     length: 39985,
     pipes: null,
     pipesCount: 0,
     flowing: null,
     ended: true,
     endEmitted: false,
     reading: false,
     sync: false,
     needReadable: false,
     emittedReadable: true,
     readableListening: false,
     resumeScheduled: false,
     destroyed: false,
     defaultEncoding: 'utf8',
     awaitDrain: 0,
     readingMore: false,
     decoder: null,
     encoding: null },
  readable: true,
  domain: null,
  _events: { end: [Function] },
  _eventsCount: 1,
  _maxListeners: undefined,
  path: 'C:\\Users\\Tom\\AppData\\Local\\Temp\\firebase-functions-154400XD9zNw56G2B.zip',
  fd: 5,
  flags: 'r',
  mode: 438,
  start: undefined,
  end: undefined,
  autoClose: true,
  pos: undefined,
  bytesRead: 39985 } 
 Tue Apr 03 2018 16:33:18 GMT+0100 (GMT Daylight Time)
[debug] [2018-04-03T15:33:19.210Z] <<< HTTP RESPONSE 200
[info] +  functions: functions folder uploaded successfully
[info] i  hosting: preparing build directory for upload...
[debug] [2018-04-03T15:33:20.301Z] >>> HTTP REQUEST PUT https://deploy.firebase.com/v1/hosting/whos-in-firebase/uploads/-L9B8-YBEFP1cvivyTQl?fileCount=68&message=  
  
 Tue Apr 03 2018 16:33:20 GMT+0100 (GMT Daylight Time)
